<?xml version="1.0" encoding="UTF-8"?>
<robot generator="Robot 3.2.2 (Python 3.9.1 on win32)" generated="20201214 14:39:40.204" rpa="false">
<suite id="s1" name="Robot" source="C:\Users\fpftech\PycharmProjects\POC-SPSIU-DLL\Robot">
<suite id="s1-s1" name="Xfssiu" source="C:\Users\fpftech\PycharmProjects\POC-SPSIU-DLL\Robot\xfssiu.robot">
<test id="s1-s1-t1" name="O sistema deve realizar start no dispositivo com sucesso">
<kw name="Realizar start do dispositivo">
<kw name="Start Siu" library="pocSPSIU">
<assign>
<var>${result_siu_start}</var>
</assign>
<msg timestamp="20201214 14:39:40.266" level="INFO">WFSStartUp Result: 0
Description: b'WOSA/XFS API v3.00/v2.00'
SystemStatus: b''
HighVersion: 0x9903
LowVersion: 0x101
Version: 0x3</msg>
<msg timestamp="20201214 14:39:40.266" level="INFO">${result_siu_start} = 0</msg>
<status status="PASS" starttime="20201214 14:39:40.264" endtime="20201214 14:39:40.266"></status>
</kw>
<kw name="Set Global Variable" library="BuiltIn">
<doc>Makes a variable available globally in all tests and suites.</doc>
<arguments>
<arg>${result_siu_start}</arg>
</arguments>
<msg timestamp="20201214 14:39:40.267" level="INFO">${result_siu_start} = 0</msg>
<status status="PASS" starttime="20201214 14:39:40.266" endtime="20201214 14:39:40.267"></status>
</kw>
<status status="PASS" starttime="20201214 14:39:40.264" endtime="20201214 14:39:40.267"></status>
</kw>
<kw name="Validar start realizado com sucesso">
<kw name="Log" library="BuiltIn">
<doc>Logs the given message with the given level.</doc>
<arguments>
<arg>${result_siu_start}</arg>
</arguments>
<msg timestamp="20201214 14:39:40.268" level="INFO">0</msg>
<status status="PASS" starttime="20201214 14:39:40.268" endtime="20201214 14:39:40.268"></status>
</kw>
<kw name="Should Be True" library="BuiltIn">
<doc>Fails if the given condition is not true.</doc>
<arguments>
<arg>${result_siu_start} == 0</arg>
</arguments>
<status status="PASS" starttime="20201214 14:39:40.268" endtime="20201214 14:39:40.268"></status>
</kw>
<status status="PASS" starttime="20201214 14:39:40.267" endtime="20201214 14:39:40.269"></status>
</kw>
<tags>
<tag>start_sucesso</tag>
</tags>
<status status="PASS" starttime="20201214 14:39:40.263" endtime="20201214 14:39:40.269" critical="yes"></status>
</test>
<test id="s1-s1-t2" name="O sistema deve abrir o dispositivo com sucesso">
<kw name="Realizar abertura do dispositivo">
<kw name="Open Siu" library="pocSPSIU">
<assign>
<var>${result_siu_open}</var>
</assign>
<msg timestamp="20201214 14:39:43.374" level="INFO">WFSOpen Result: 0
hService: c_ushort(1)

XFS Version
	Description: b'Meu primeiro SP'
	SystemStatus: b'ainda em desenvolvimento'
	HighVersion: 0xa03
	LowVersion: 0x3
	Version: 0xa03

SP Version
	Description: b'Meu primeiro SP'
	SystemStatus: b'ainda em desenvolvimento'
	HighVersion: 0xa03
	LowVersion: 0x3
	Version: 0xa03</msg>
<msg timestamp="20201214 14:39:43.375" level="INFO">${result_siu_open} = 0</msg>
<status status="PASS" starttime="20201214 14:39:40.270" endtime="20201214 14:39:43.375"></status>
</kw>
<kw name="Set Global Variable" library="BuiltIn">
<doc>Makes a variable available globally in all tests and suites.</doc>
<arguments>
<arg>${result_siu_open}</arg>
</arguments>
<msg timestamp="20201214 14:39:43.379" level="INFO">${result_siu_open} = 0</msg>
<status status="PASS" starttime="20201214 14:39:43.376" endtime="20201214 14:39:43.379"></status>
</kw>
<status status="PASS" starttime="20201214 14:39:40.270" endtime="20201214 14:39:43.379"></status>
</kw>
<kw name="Validar abertura realizada com sucesso">
<kw name="Log" library="BuiltIn">
<doc>Logs the given message with the given level.</doc>
<arguments>
<arg>${result_siu_open}</arg>
</arguments>
<msg timestamp="20201214 14:39:43.384" level="INFO">0</msg>
<status status="PASS" starttime="20201214 14:39:43.381" endtime="20201214 14:39:43.384"></status>
</kw>
<kw name="Should Be True" library="BuiltIn">
<doc>Fails if the given condition is not true.</doc>
<arguments>
<arg>${result_siu_open} == 0</arg>
</arguments>
<status status="PASS" starttime="20201214 14:39:43.385" endtime="20201214 14:39:43.386"></status>
</kw>
<status status="PASS" starttime="20201214 14:39:43.380" endtime="20201214 14:39:43.387"></status>
</kw>
<tags>
<tag>open_sucesso</tag>
</tags>
<status status="PASS" starttime="20201214 14:39:40.269" endtime="20201214 14:39:43.388" critical="yes"></status>
</test>
<status status="PASS" starttime="20201214 14:39:40.239" endtime="20201214 14:39:43.390"></status>
</suite>
<status status="PASS" starttime="20201214 14:39:40.207" endtime="20201214 14:39:43.396"></status>
</suite>
<statistics>
<total>
<stat pass="2" fail="0">Critical Tests</stat>
<stat pass="2" fail="0">All Tests</stat>
</total>
<tag>
<stat pass="1" fail="0">open_sucesso</stat>
<stat pass="1" fail="0">start_sucesso</stat>
</tag>
<suite>
<stat pass="2" fail="0" id="s1" name="Robot">Robot</stat>
<stat pass="2" fail="0" id="s1-s1" name="Xfssiu">Robot.Xfssiu</stat>
</suite>
</statistics>
<errors>
</errors>
</robot>
